  bsplib.cpp
  cmdlib.cpp
  collisionutils.cpp
  filesystem_helpers.cpp
  filesystem_init.cpp
  filesystem_tools.cpp
  flow.cpp
  loadcmdline.cpp
D:\TF2--REBORN\holdon\utils\vvis\flow.cpp(448,9): warning C4101: 'mid': unreferenced local variable
  lumpfiles.cpp
  MySqlDatabase.cpp
  pacifier.cpp
  scratchpad3d.cpp
  scratchpad_helpers.cpp
  scriplib.cpp
  threads.cpp
  tools_minidump.cpp
  vvis.cpp
  WaterDist.cpp
  zip_utils.cpp
     Creating library .\Release\x64\vvis_dll.lib and object .\Release\x64\vvis_dll.exp
  vvis_dll_win64.vcxproj -> D:\TF2--REBORN\holdon\utils\vvis\Release\x64\vvis_dll.dll
  Publishing to ..\..\..\game\bin\x64
          1 file(s) copied.
          1 file(s) copied.
