  Running Protocol Buffer Compiler on base_gcmessages.proto...
  Running Protocol Buffer Compiler on econ_gcmessages.proto...
  Running Protocol Buffer Compiler on steammessages.proto...
  Running Protocol Buffer Compiler on tf_gcmessages.proto...
  Running Protocol Buffer Compiler on tf_proto_def_messages.proto...
  spawn_helper.nut produces spawn_helper_nut.h
  vscript_server.nut produces vscript_server_nut.h
  stdafx.cpp
  tf_gcmessages.pb.cc
  tf_proto_def_messages.pb.cc
  base_gcmessages.pb.cc
  econ_gcmessages.pb.cc
  steammessages.pb.cc
  bone_setup.cpp
  collisionutils.cpp
  dt_send.cpp
  dt_utlvector_common.cpp
  dt_utlvector_send.cpp
  editor_sendcommand.cpp
  filesystem_helpers.cpp
  gamehandle.cpp
  GameStats_BasicStatsFunctions.cpp
  h_export.cpp
  init_factory.cpp
  interpolatortypes.cpp
  interval.cpp
  keyframe.cpp
  language.cpp
  map_utils.cpp
  memoverride.cpp
  networkvar.cpp
  randoverride.cpp
  registry.cpp
  rope_physics.cpp
  scratchpad3d.cpp
  ScratchPadUtils.cpp
  server_class.cpp
  sheetsimulator.cpp
  simple_physics.cpp
  steamid.cpp
  stringregistry.cpp
  studio.cpp
  tf_voteissues.cpp
  gamedll_replay.cpp
  replay_gamestats_shared.cpp
  achievement_saverestore.cpp
  achievementmgr.cpp
  achievements_hlx.cpp
  activitylist.cpp
  ai_activity.cpp
  ai_baseactor.cpp
  ai_basehumanoid.cpp
  ai_basenpc.cpp
  ai_basenpc_flyer.cpp
  ai_basenpc_flyer_new.cpp
  ai_basenpc_movement.cpp
  ai_basenpc_physicsflyer.cpp
  ai_basenpc_schedule.cpp
  ai_basenpc_squad.cpp
  ai_behavior.cpp
  ai_behavior_assault.cpp
  ai_behavior_fear.cpp
  ai_behavior_follow.cpp
  ai_behavior_lead.cpp
  ai_behavior_rappel.cpp
  ai_behavior_standoff.cpp
  ai_blended_movement.cpp
  ai_condition.cpp
  AI_Criteria.cpp
  ai_default.cpp
  ai_dynamiclink.cpp
  ai_event.cpp
  ai_goalentity.cpp
  ai_hint.cpp
  ai_hull.cpp
  ai_initutils.cpp
  AI_Interest_Target.cpp
  ai_link.cpp
  ai_localnavigator.cpp
  ai_looktarget.cpp
  ai_memory.cpp
  ai_motor.cpp
  ai_moveprobe.cpp
  ai_moveshoot.cpp
  ai_movesolver.cpp
  ai_namespaces.cpp
  ai_navigator.cpp
  ai_network.cpp
  ai_networkmanager.cpp
  ai_node.cpp
  ai_pathfinder.cpp
  ai_planesolver.cpp
  ai_playerally.cpp
  ai_relationship.cpp
  AI_ResponseSystem.cpp
  ai_route.cpp
  ai_saverestore.cpp
  ai_schedule.cpp
  ai_scriptconditions.cpp
  ai_senses.cpp
  ai_sentence.cpp
  ai_speech.cpp
  ai_speechfilter.cpp
  ai_squad.cpp
  ai_squadslot.cpp
  ai_tacticalservices.cpp
  ai_task.cpp
  ai_trackpather.cpp
  ai_utils.cpp
  ai_waypoint.cpp
  ammodef.cpp
  animation.cpp
  base_playeranimstate.cpp
  base_transmit_proxy.cpp
  baseachievement.cpp
  baseanimating.cpp
  BaseAnimatingOverlay.cpp
  basecombatcharacter.cpp
  basecombatcharacter_shared.cpp
  basecombatweapon.cpp
  basecombatweapon_shared.cpp
  baseentity.cpp
  baseentity_shared.cpp
  baseflex.cpp
  basegrenade_concussion.cpp
  basegrenade_contact.cpp
  basegrenade_shared.cpp
  basegrenade_timed.cpp
  basemultiplayerplayer.cpp
  baseparticleentity.cpp
  baseplayer_shared.cpp
  baseprojectile.cpp
  baseviewmodel.cpp
  baseviewmodel_shared.cpp
  beam_shared.cpp
  bitstring.cpp
  bmodels.cpp
  buttons.cpp
  cbase.cpp
  client.cpp
  collisionproperty.cpp
  colorcorrection.cpp
  colorcorrectionvolume.cpp
  CommentarySystem.cpp
  controlentities.cpp
  cplane.cpp
  CRagdollMagnet.cpp
  damagemodifier.cpp
  death_pose.cpp
  debugoverlay_shared.cpp
  decals.cpp
  doors.cpp
  dynamiclight.cpp
  effect_dispatch_data.cpp
  effects.cpp
  EffectsServer.cpp
  ehandle.cpp
  entityblocker.cpp
  EntityDissolve.cpp
  EntityFlame.cpp
  entitylist.cpp
  entitylist_base.cpp
  EntityParticleTrail.cpp
  EntityParticleTrail_Shared.cpp
  env_debughistory.cpp
  env_detail_controller.cpp
  env_effectsscript.cpp
  env_entity_maker.cpp
  env_particlescript.cpp
  env_player_surface_trigger.cpp
  env_projectedtexture.cpp
  env_screenoverlay.cpp
  env_texturetoggle.cpp
  env_tonemap_controller.cpp
  env_wind_shared.cpp
  env_zoom.cpp
  EnvBeam.cpp
  EnvFade.cpp
  EnvHudHint.cpp
  EnvLaser.cpp
  EnvMessage.cpp
  envmicrophone.cpp
  EnvShake.cpp
  EnvSpark.cpp
  eventlist.cpp
  EventLog.cpp
  explode.cpp
  filters.cpp
  fire.cpp
  fire_smoke.cpp
  fish.cpp
  fogcontroller.cpp
  fourwheelvehiclephysics.cpp
  func_areaportal.cpp
  func_areaportalbase.cpp
  func_areaportalwindow.cpp
  func_break.cpp
  func_breakablesurf.cpp
  func_dust.cpp
  func_ladder.cpp
  func_ladder_endpoint.cpp
  func_lod.cpp
  Func_Monitor.cpp
  func_movelinear.cpp
  func_occluder.cpp
  func_reflective_glass.cpp
  func_smokevolume.cpp
  game.cpp
  game_ui.cpp
  gameinterface.cpp
  gamemovement.cpp
  gamerules.cpp
  gamerules_register.cpp
  GameStats.cpp
  gamestringpool.cpp
  gametrace_dll.cpp
  gamevars_shared.cpp
  gameweaponmanager.cpp
  genericactor.cpp
  genericmonster.cpp
  gib.cpp
  globals.cpp
  globalstate.cpp
  grenadethrown.cpp
  guntarget.cpp
  h_ai.cpp
  haptic_msgs.cpp
  haptic_utils.cpp
  hierarchy.cpp
  hintmessage.cpp
  hintsystem.cpp
  hltvdirector.cpp
  igamesystem.cpp
  info_camera_link.cpp
  info_overlay_accessor.cpp
  intermission.cpp
  item_world.cpp
  lightglow.cpp
  lights.cpp
  logic_eventlistener.cpp
  logic_measure_movement.cpp
  logic_navigation.cpp
  logicauto.cpp
  logicentities.cpp
  logicrelay.cpp
  mapentities.cpp
  mapentities_shared.cpp
  maprules.cpp
  MaterialModifyControl.cpp
  message_entity.cpp
  modelentities.cpp
  ModelSoundsCache.cpp
  monstermaker.cpp
  movehelper_server.cpp
  movement.cpp
  movevars_shared.cpp
  mp_shareddefs.cpp
  multiplay_gamerules.cpp
  ndebugoverlay.cpp
  netpropmanager.cpp
  npc_vehicledriver.cpp
  obstacle_pushaway.cpp
  particle_light.cpp
  particle_parse.cpp
  particle_system.cpp
  particlesystemquery.cpp
  pathcorner.cpp
  pathtrack.cpp
  phys_controller.cpp
  physconstraint.cpp
  physics.cpp
  physics_bone_follower.cpp
  physics_cannister.cpp
  physics_fx.cpp
  physics_impact_damage.cpp
  physics_main.cpp
  physics_main_shared.cpp
  physics_npc_solver.cpp
  physics_prop_ragdoll.cpp
  physics_saverestore.cpp
  physics_shared.cpp
  physobj.cpp
  player.cpp
  player_command.cpp
  player_lagcompensation.cpp
  player_pickup.cpp
  player_resource.cpp
  player_voice_listener.cpp
  playerclass_info_parse.cpp
  playerinfomanager.cpp
  playerlocaldata.cpp
  plugin_check.cpp
  point_bonusmaps_accessor.cpp
  point_camera.cpp
  point_devshot_camera.cpp
  point_playermoveconstraint.cpp
  point_posecontroller.cpp
  point_spotlight.cpp
  point_template.cpp
  point_worldtext.cpp
  pointanglesensor.cpp
  PointAngularVelocitySensor.cpp
  pointhurt.cpp
  pointteleport.cpp
  precache_register.cpp
  predictableid.cpp
  props.cpp
  props_shared.cpp
  querycache.cpp
  ragdoll_manager.cpp
  ragdoll_shared.cpp
  RagdollBoogie.cpp
  recipientfilter.cpp
  rope.cpp
  rope_helpers.cpp
  saverestore.cpp
  saverestore_gamedll.cpp
  SceneCache.cpp
  sceneentity.cpp
  sceneentity_shared.cpp
  scratchpad_gamedll_helpers.cpp
  scripted.cpp
  scriptedtarget.cpp
  sendproxy.cpp
  sequence_Transitioner.cpp
  serverbenchmark_base.cpp
  ServerNetworkProperty.cpp
  shadowcontrol.cpp
  simtimer.cpp
  singleplay_gamerules.cpp
  skyboxswapper.cpp
  SkyCamera.cpp
  slideshow_display.cpp
  sound.cpp
  SoundEmitterSystem.cpp
  soundent.cpp
  soundenvelope.cpp
  SoundParametersInternal.cpp
  soundscape.cpp
  soundscape_system.cpp
  spotlightend.cpp
  Sprite.cpp
  sprite_perfmonitor.cpp
  studio_shared.cpp
  subs.cpp
  sun.cpp
  survival_gamerules.cpp
  tactical_mission.cpp
  takedamageinfo.cpp
  tanktrain.cpp
  team.cpp
  team_control_point.cpp
  team_control_point_master.cpp
  team_control_point_round.cpp
  team_objectiveresource.cpp
  team_train_watcher.cpp
  teamplay_gamerules.cpp
  teamplay_round_timer.cpp
  teamplayroundbased_gamerules.cpp
  TemplateEntities.cpp
  tempmonster.cpp
  tesla.cpp
  test_ehandle.cpp
  test_proxytoggle.cpp
  test_stressentities.cpp
  testfunctions.cpp
  testtraceline.cpp
  textstatsmgr.cpp
  tf_gcmessages.cpp
  timedeventmgr.cpp
  trains.cpp
  trigger_area_capture.cpp
  triggers.cpp
  usercmd.cpp
  util.cpp
  util_shared.cpp
  variant_t.cpp
  vehicle_base.cpp
  vehicle_baseserver.cpp
  vehicle_viewblend_shared.cpp
  vguiscreen.cpp
  voice_gamemgr.cpp
  vote_controller.cpp
  vscript_server.cpp
  vscript_shared.cpp
  waterbullet.cpp
  WaterLODControl.cpp
  wcedit.cpp
  weapon_parse.cpp
  weapon_proficiency.cpp
  weight_button.cpp
  world.cpp
  protoutils.cpp
  attribute_manager.cpp
  econ_claimcode.cpp
  econ_dynamic_recipe.cpp
  econ_entity.cpp
  econ_entity_creation.cpp
  econ_holidays.cpp
  econ_item.cpp
  econ_item_constants.cpp
  econ_item_interface.cpp
  econ_item_inventory.cpp
  econ_item_preset.cpp
  econ_item_schema.cpp
  econ_item_schema_sdk.cpp
  econ_item_system.cpp
  econ_item_tools.cpp
  econ_item_view.cpp
  econ_paintkit.cpp
  econ_quests.cpp
  econ_wearable.cpp
  gc_clientsystem.cpp
D:\TF2--REBORN\src\game\shared\gc_clientsystem.cpp(279,8): warning C4189: 'bLoggedOn': local variable is initialized but not referenced
  (compiling source file '/shared/gc_clientsystem.cpp')
  
  gc_replicated_convars.cpp
  item_selection_criteria.cpp
  localization_provider.cpp
  tf_item_inventory.cpp
D:\TF2--REBORN\src\game\shared\tf\tf_item_inventory.cpp(919,14): warning C4189: 'pszEventName': local variable is initialized but not referenced
  (compiling source file '/shared/tf/tf_item_inventory.cpp')
  
D:\TF2--REBORN\src\game\shared\tf\tf_item_inventory.cpp(1200,1): warning C4701: potentially uninitialized local variable 'pItem' used
D:\TF2--REBORN\src\game\shared\tf\tf_item_inventory.cpp(1200,1): warning C4703: potentially uninitialized local pointer variable 'pItem' used
  tf_item_schema.cpp
  tf_item_system.cpp
  tf_item_wearable.cpp
  tf_ladder_data.cpp
  tf_proto_script_obj_def.cpp
  tf_quest_map.cpp
  tf_quest_map_node.cpp
  tf_quest_map_utils.cpp
  tf_quest_restriction.cpp
  tf_wardata.cpp
  weapon_ifmbase.cpp
  weapon_ifmbasecamera.cpp
  weapon_ifmsteadycam.cpp
  nav_area.cpp
  nav_colors.cpp
  nav_edit.cpp
  nav_entities.cpp
  nav_file.cpp
  nav_generate.cpp
  nav_ladder.cpp
  nav_merge.cpp
  nav_mesh.cpp
  nav_mesh_factory.cpp
  nav_node.cpp
  nav_simplify.cpp
  NextBot.cpp
  NextBotGroundLocomotion.cpp
  NextBotManager.cpp
  simple_bot.cpp
  NextBotBodyInterface.cpp
  NextBotComponentInterface.cpp
  NextBotIntentionInterface.cpp
  NextBotInterface.cpp
  NextBotLocomotionInterface.cpp
  NextBotVisionInterface.cpp
  func_nav_prerequisite.cpp
  NextBotChasePath.cpp
  NextBotPath.cpp
  NextBotPathFollow.cpp
  NextBotPlayer.cpp
  NextBotPlayerBody.cpp
  NextBotPlayerLocomotion.cpp
  maps_workshop.cpp
  ugc_utils.cpp
  basetempentity.cpp
  event_tempentity_tester.cpp
  movie_explosion.cpp
  particle_fire.cpp
  particle_smokegrenade.cpp
  plasma.cpp
  smoke_trail.cpp
  smokestack.cpp
  SpriteTrail.cpp
  steamjet.cpp
  te.cpp
  te_armorricochet.cpp
  te_basebeam.cpp
  te_beamentpoint.cpp
  te_beaments.cpp
  te_beamfollow.cpp
  te_beamlaser.cpp
  te_beampoints.cpp
  te_beamring.cpp
  te_beamringpoint.cpp
  te_beamspline.cpp
  te_bloodsprite.cpp
  te_bloodstream.cpp
  te_breakmodel.cpp
  te_bspdecal.cpp
  te_bubbles.cpp
  te_bubbletrail.cpp
  te_clientprojectile.cpp
  te_decal.cpp
  te_dynamiclight.cpp
  te_effect_dispatch.cpp
  te_energysplash.cpp
  te_explosion.cpp
  te_fizz.cpp
  te_footprintdecal.cpp
  te_gaussexplosion.cpp
  te_glassshatter.cpp
  te_glowsprite.cpp
  te_impact.cpp
  te_killplayerattachments.cpp
  te_largefunnel.cpp
  te_muzzleflash.cpp
  te_particlesystem.cpp
  te_physicsprop.cpp
  te_playerdecal.cpp
  te_projecteddecal.cpp
  te_showline.cpp
  te_smoke.cpp
  te_sparks.cpp
  te_sprite.cpp
  te_spritespray.cpp
  te_worlddecal.cpp
  usermessages.cpp
  achievements_tf.cpp
  achievements_tf_demoman.cpp
  achievements_tf_engineer.cpp
  achievements_tf_halloween.cpp
  achievements_tf_heavy.cpp
  achievements_tf_maps.cpp
  achievements_tf_medic.cpp
  achievements_tf_mvm.cpp
  achievements_tf_pyro.cpp
  achievements_tf_scout.cpp
  achievements_tf_sniper.cpp
  achievements_tf_soldier.cpp
  achievements_tf_spy.cpp
  baseobject_shared.cpp
  entity_ammopack.cpp
  entity_armor.cpp
  entity_bird.cpp
  entity_bonuspack.cpp
  entity_capture_flag.cpp
  entity_currencypack.cpp
  entity_forcerespawn.cpp
  entity_game_text_tf.cpp
  entity_halloween_pickup.cpp
  entity_healthkit.cpp
  entity_intermission.cpp
  entity_passtime_ball_spawn.cpp
  entity_roundwin.cpp
  entity_rune.cpp
  entity_soldier_statue.cpp
  entity_tfstart.cpp
  entity_training_annotations.cpp
  func_achievement.cpp
  func_capture_zone.cpp
  func_changeclass.cpp
  func_croc.cpp
  func_flag_alert.cpp
  func_forcefield.cpp
  func_no_build.cpp
  func_nogrenades.cpp
  func_passtime_goal.cpp
  func_passtime_goalie_zone.cpp
  func_passtime_no_ball_zone.cpp
  func_powerupvolume.cpp
  func_regenerate.cpp
  func_respawnflag.cpp
  func_respawnroom.cpp
  func_suggested_build.cpp
  multiplayer_animstate.cpp
  passtime_ballcontroller.cpp
  passtime_ballcontroller_homing.cpp
  passtime_ballcontroller_playerseek.cpp
  passtime_convars.cpp
  passtime_game_events.cpp
  quest_objective_manager.cpp
  quest_objective_trackers.cpp
  serverbenchmark_tf.cpp
  shared_object_tracker.cpp
  steamworks_gamestats_sdk.cpp
  te_tfblood.cpp
  tf_ammo_pack.cpp
  tf_autobalance.cpp
  tf_bot_temp.cpp
  tf_classdata.cpp
  tf_client.cpp
  tf_condition.cpp
  tf_duckleaderboard.cpp
  tf_entity_spawner.cpp
  tf_eventlog.cpp
  tf_extra_map_entity.cpp
  tf_filters.cpp
  tf_flame.cpp
  tf_fx.cpp
  tf_fx_shared.cpp
  tf_gameinterface.cpp
  tf_gamemovement.cpp
  tf_gamerules.cpp
  tf_gamestats.cpp
  tf_gamestats_shared.cpp
  tf_generic_bomb.cpp
  tf_glow.cpp
  tf_halloween_souls_pickup.cpp
  tf_hltvdirector.cpp
  tf_item.cpp
  tf_item_constants.cpp
  tf_item_powerup_bottle.cpp
  tf_logic_halloween_2014.cpp
  tf_logic_on_holiday.cpp
  tf_logic_player_destruction.cpp
  tf_logic_robot_destruction.cpp
  tf_mapinfo.cpp
  tf_obj.cpp
  tf_obj_baseupgrade_shared.cpp
  tf_obj_catapult.cpp
  tf_obj_dispenser.cpp
  tf_obj_sapper.cpp
  tf_obj_sentrygun.cpp
  tf_obj_spy_trap.cpp
  tf_obj_teleporter.cpp
  tf_objective_resource.cpp
  tf_passtime_ball.cpp
  tf_passtime_logic.cpp
  tf_player.cpp
  tf_player_resource.cpp
  tf_player_shared.cpp
  tf_playeranimstate.cpp
D:\TF2--REBORN\src\game\shared\tf\tf_playeranimstate.cpp(598,17): warning C4189: 'pItem': local variable is initialized but not referenced
  (compiling source file '/shared/tf/tf_playeranimstate.cpp')
  
  tf_playerclass.cpp
  tf_playerclass_info_parse.cpp
  tf_playerclass_shared.cpp
  tf_playermove.cpp
  tf_point_manager.cpp
  tf_powerup.cpp
  tf_projectile_base.cpp
  tf_projectile_dragons_fury.cpp
  tf_projectile_nail.cpp
  tf_projectile_rocket.cpp
  tf_props.cpp
  tf_pumpkin_bomb.cpp
  tf_pushentity.cpp
  tf_revive.cpp
  tf_robot_destruction_robot.cpp
  tf_shareddefs.cpp
  tf_tactical_mission.cpp
  tf_target_dummy.cpp
  tf_taunt_prop.cpp
  tf_team.cpp
  tf_triggers.cpp
  tf_turret.cpp
  tf_usermessages.cpp
  tf_viewmodel.cpp
  tf_wartracker.cpp
  tf_weapon_passtime_gun.cpp
  tf_wheel_of_doom.cpp
  trigger_catapult.cpp
  trigger_catapult_shared.cpp
  trigger_passtime_ball.cpp
  tf_bot.cpp
  tf_bot_body.cpp
D:\TF2--REBORN\src\game\server\tf\bot\tf_bot.cpp(760,1): warning C4002: too many arguments for function-like macro invocation 'DEFINE_SCRIPTFUNC_WRAPPED'
  (compiling source file '/tf/bot/tf_bot.cpp')
  
D:\TF2--REBORN\src\game\server\tf\bot\tf_bot.cpp(761,1): warning C4002: too many arguments for function-like macro invocation 'DEFINE_SCRIPTFUNC_WRAPPED'
  (compiling source file '/tf/bot/tf_bot.cpp')
  
  tf_bot_locomotion.cpp
  tf_bot_manager.cpp
  tf_bot_squad.cpp
  tf_bot_vision.cpp
  tf_bot_approach_object.cpp
  tf_bot_attack.cpp
  tf_bot_behavior.cpp
  tf_bot_dead.cpp
  tf_bot_destroy_enemy_sentry.cpp
  tf_bot_escort.cpp
  tf_bot_get_ammo.cpp
  tf_bot_get_health.cpp
  tf_bot_melee_attack.cpp
  tf_bot_move_to_vantage_point.cpp
  tf_bot_mvm_deploy_bomb.cpp
  tf_bot_retreat_to_cover.cpp
  tf_bot_scenario_monitor.cpp
  tf_bot_seek_and_destroy.cpp
  tf_bot_tactical_monitor.cpp
  tf_bot_taunt.cpp
  tf_bot_use_item.cpp
  tf_bot_use_teleporter.cpp
  tf_bot_prepare_stickybomb_trap.cpp
  tf_bot_stickybomb_sentrygun.cpp
  tf_bot_engineer_build.cpp
  tf_bot_engineer_build_dispenser.cpp
  tf_bot_engineer_build_sentrygun.cpp
  tf_bot_engineer_build_teleport_entrance.cpp
  tf_bot_engineer_build_teleport_exit.cpp
  tf_bot_engineer_building.cpp
  tf_bot_engineer_move_to_build.cpp
  tf_bot_mvm_engineer_build_sentry.cpp
  tf_bot_mvm_engineer_build_teleporter.cpp
  tf_bot_mvm_engineer_idle.cpp
  tf_bot_mvm_engineer_teleport_spawn.cpp
  tf_bot_medic_heal.cpp
  tf_bot_medic_retreat.cpp
  tf_bot_mission_destroy_sentries.cpp
  tf_bot_mission_reprogrammed.cpp
  tf_bot_mission_suicide_bomber.cpp
  tf_bot_nav_ent_destroy_entity.cpp
  tf_bot_nav_ent_move_to.cpp
  tf_bot_nav_ent_wait.cpp
  tf_bot_capture_point.cpp
  tf_bot_defend_point.cpp
  tf_bot_defend_point_block_capture.cpp
  tf_bot_attack_flag_defenders.cpp
  tf_bot_deliver_flag.cpp
  tf_bot_escort_flag_carrier.cpp
  tf_bot_fetch_flag.cpp
  tf_bot_creep_wave.cpp
  tf_bot_payload_block.cpp
  tf_bot_payload_guard.cpp
  tf_bot_payload_push.cpp
  tf_bot_companion.cpp
  tf_bot_guard_area.cpp
  tf_bot_mob_rush.cpp
  tf_bot_squad_attack.cpp
  tf_bot_wander.cpp
  tf_bot_sniper_attack.cpp
  tf_bot_sniper_lurk.cpp
  tf_bot_spy_attack.cpp
  tf_bot_spy_backstab.cpp
  tf_bot_spy_escape.cpp
  tf_bot_spy_hide.cpp
  tf_bot_spy_infiltrate.cpp
  tf_bot_spy_leave_spawn_room.cpp
  tf_bot_spy_lurk.cpp
  tf_bot_spy_sap.cpp
  tf_bot_escort_squad_leader.cpp
  tf_bot_training.cpp
  tf_bot_generator.cpp
  tf_bot_hint.cpp
  tf_bot_hint_engineer_nest.cpp
  tf_bot_hint_entity.cpp
  tf_bot_hint_sentrygun.cpp
  tf_bot_hint_teleporter_exit.cpp
  tf_bot_proxy.cpp
  tf_bot_roster.cpp
  tf_spawner.cpp
  tf_spawner_boss.cpp
  bot_npc.cpp
  bot_npc_archer.cpp
  bot_npc_body.cpp
  bot_npc_decoy.cpp
  bot_npc_mini.cpp
  bot_npc_minion.cpp
  halloween_base_boss.cpp
  halloween_gift_spawn_locations.cpp
  headless_hatman.cpp
  headless_hatman_body.cpp
  headless_hatman_attack.cpp
  headless_hatman_dying.cpp
  headless_hatman_emerge.cpp
  headless_hatman_terrify.cpp
  eyeball_boss.cpp
  teleport_vortex.cpp
  eyeball_boss_approach_target.cpp
  eyeball_boss_behavior.cpp
  eyeball_boss_emerge.cpp
  eyeball_boss_emote.cpp
  eyeball_boss_idle.cpp
  eyeball_boss_launch_rockets.cpp
  eyeball_boss_notice.cpp
  eyeball_boss_stunned.cpp
  eyeball_boss_teleport.cpp
  ghost.cpp
  merasmus.cpp
  merasmus_body.cpp
  merasmus_dancer.cpp
  merasmus_trick_or_treat_prop.cpp
  merasmus_aoe_attack.cpp
  merasmus_attack.cpp
  merasmus_disguise.cpp
  merasmus_dying.cpp
  merasmus_reveal.cpp
  merasmus_staff_attack.cpp
  merasmus_stunned.cpp
  merasmus_teleport.cpp
  merasmus_throwing_grenade.cpp
  merasmus_zap.cpp
  tf_spell_pickup.cpp
  tf_weapon_spellbook.cpp
  zombie.cpp
  zombie_spawner.cpp
  zombie_attack.cpp
  zombie_spawn.cpp
  zombie_special_attack.cpp
  lobby.cpp
  tf_gc_server.cpp
  tf_gc_shared.cpp
  tf_lobby_server.cpp
  tf_lobby_shared.cpp
  tf_match_description.cpp
  tf_match_description_casual.cpp
  tf_match_description_comp.cpp
  tf_match_description_mvm.cpp
  tf_match_description_shared.cpp
  tf_matchmaking_shared.cpp
  tf_party.cpp
  tf_progression.cpp
  tf_progression_description.cpp
  tf_progression_description_casual.cpp
  tf_progression_description_comp.cpp
  tf_duel.cpp
  tf_nav_area.cpp
  tf_nav_interface.cpp
  tf_nav_mesh.cpp
  tf_nav_mesh_edit.cpp
  tf_path_follower.cpp
  archer_proxy.cpp
  monster_resource.cpp
  tf_base_boss.cpp
  tf_boss_battle_logic.cpp
  tf_mann_vs_machine_logic.cpp
  tf_mann_vs_machine_stats.cpp
  tf_point_weapon_mimic.cpp
  tf_population_manager.cpp
  tf_populator_interface.cpp
  tf_populator_spawners.cpp
  tf_populators.cpp
  tf_tank_boss.cpp
  tf_tank_boss_body.cpp
  tf_upgrades.cpp
  tf_upgrades_shared.cpp
  boss_alpha.cpp
  boss_alpha_behavior.cpp
  boss_alpha_chase_victim.cpp
  boss_alpha_get_off_me.cpp
  boss_alpha_guard_spot.cpp
  boss_alpha_launch_grenades.cpp
  boss_alpha_launch_rockets.cpp
  boss_alpha_lost_victim.cpp
  boss_alpha_nuke_attack.cpp
  boss_alpha_stunned.cpp
  boss_alpha_tactical_monitor.cpp
  boss_alpha_wait_for_players.cpp
  tf_raid_logic.cpp
  tf_dropped_weapon.cpp
  tf_projectile_arrow.cpp
  tf_projectile_energy_ball.cpp
  tf_projectile_energy_ring.cpp
  tf_projectile_flare.cpp
  tf_weapon_bat.cpp
  tf_weapon_bonesaw.cpp
  tf_weapon_bottle.cpp
  tf_weapon_buff_item.cpp
  tf_weapon_builder.cpp
  tf_weapon_club.cpp
  tf_weapon_compound_bow.cpp
  tf_weapon_dragons_fury.cpp
  tf_weapon_fireaxe.cpp
  tf_weapon_fists.cpp
  tf_weapon_flamethrower.cpp
  tf_weapon_flaregun.cpp
  tf_weapon_grapplinghook.cpp
  tf_weapon_grenade_pipebomb.cpp
  tf_weapon_grenadelauncher.cpp
  tf_weapon_invis.cpp
  tf_weapon_jar.cpp
  tf_weapon_jar_gas.cpp
  tf_weapon_knife.cpp
  tf_weapon_laser_pointer.cpp
  tf_weapon_lunchbox.cpp
  tf_weapon_mechanical_arm.cpp
  tf_weapon_medigun.cpp
  tf_weapon_minigun.cpp
  tf_weapon_parachute.cpp
  tf_weapon_parse.cpp
  tf_weapon_particle_cannon.cpp
  tf_weapon_pda.cpp
  tf_weapon_pipebomblauncher.cpp
  tf_weapon_pistol.cpp
  tf_weapon_raygun.cpp
  tf_weapon_revolver.cpp
  tf_weapon_rocketlauncher.cpp
  tf_weapon_rocketpack.cpp
  tf_weapon_shotgun.cpp
  tf_weapon_shovel.cpp
  tf_weapon_slap.cpp
  tf_weapon_smg.cpp
  tf_weapon_sniperrifle.cpp
  tf_weapon_sword.cpp
  tf_weapon_syringegun.cpp
  tf_weapon_throwable.cpp
  tf_weapon_wrench.cpp
  tf_weaponbase.cpp
  tf_weaponbase_grenadeproj.cpp
  tf_weaponbase_gun.cpp
  tf_weaponbase_melee.cpp
  tf_weaponbase_merasmus_grenade.cpp
  tf_weaponbase_rocket.cpp
  tf_wearable_campaign_item.cpp
  tf_wearable_levelable_item.cpp
  tf_wearable_weapons.cpp
  entity_tools_server.cpp
  toolframework_server.cpp
libprotobuf.lib(common.obj) : warning LNK4099: PDB '' was not found with 'libprotobuf.lib(common.obj)' or at ''; linking object as if no debug info
libprotobuf.lib(once.obj) : warning LNK4099: PDB '' was not found with 'libprotobuf.lib(once.obj)' or at ''; linking object as if no debug info
libprotobuf.lib(generated_message_util.obj) : warning LNK4099: PDB '' was not found with 'libprotobuf.lib(generated_message_util.obj)' or at ''; linking object as if no debug info
libprotobuf.lib(message_lite.obj) : warning LNK4099: PDB '' was not found with 'libprotobuf.lib(message_lite.obj)' or at ''; linking object as if no debug info
libprotobuf.lib(descriptor.obj) : warning LNK4099: PDB '' was not found with 'libprotobuf.lib(descriptor.obj)' or at ''; linking object as if no debug info
libprotobuf.lib(message.obj) : warning LNK4099: PDB '' was not found with 'libprotobuf.lib(message.obj)' or at ''; linking object as if no debug info
libprotobuf.lib(repeated_field.obj) : warning LNK4099: PDB '' was not found with 'libprotobuf.lib(repeated_field.obj)' or at ''; linking object as if no debug info
libprotobuf.lib(unknown_field_set.obj) : warning LNK4099: PDB '' was not found with 'libprotobuf.lib(unknown_field_set.obj)' or at ''; linking object as if no debug info
libprotobuf.lib(coded_stream.obj) : warning LNK4099: PDB '' was not found with 'libprotobuf.lib(coded_stream.obj)' or at ''; linking object as if no debug info
libprotobuf.lib(wire_format_lite.obj) : warning LNK4099: PDB '' was not found with 'libprotobuf.lib(wire_format_lite.obj)' or at ''; linking object as if no debug info
libprotobuf.lib(generated_message_reflection.obj) : warning LNK4099: PDB '' was not found with 'libprotobuf.lib(generated_message_reflection.obj)' or at ''; linking object as if no debug info
libprotobuf.lib(reflection_ops.obj) : warning LNK4099: PDB '' was not found with 'libprotobuf.lib(reflection_ops.obj)' or at ''; linking object as if no debug info
libprotobuf.lib(wire_format.obj) : warning LNK4099: PDB '' was not found with 'libprotobuf.lib(wire_format.obj)' or at ''; linking object as if no debug info
libprotobuf.lib(extension_set.obj) : warning LNK4099: PDB '' was not found with 'libprotobuf.lib(extension_set.obj)' or at ''; linking object as if no debug info
libprotobuf.lib(descriptor.pb.obj) : warning LNK4099: PDB '' was not found with 'libprotobuf.lib(descriptor.pb.obj)' or at ''; linking object as if no debug info
libprotobuf.lib(text_format.obj) : warning LNK4099: PDB '' was not found with 'libprotobuf.lib(text_format.obj)' or at ''; linking object as if no debug info
libprotobuf.lib(zero_copy_stream_impl_lite.obj) : warning LNK4099: PDB '' was not found with 'libprotobuf.lib(zero_copy_stream_impl_lite.obj)' or at ''; linking object as if no debug info
libprotobuf.lib(atomicops_internals_x86_msvc.obj) : warning LNK4099: PDB '' was not found with 'libprotobuf.lib(atomicops_internals_x86_msvc.obj)' or at ''; linking object as if no debug info
libprotobuf.lib(descriptor_database.obj) : warning LNK4099: PDB '' was not found with 'libprotobuf.lib(descriptor_database.obj)' or at ''; linking object as if no debug info
libprotobuf.lib(dynamic_message.obj) : warning LNK4099: PDB '' was not found with 'libprotobuf.lib(dynamic_message.obj)' or at ''; linking object as if no debug info
libprotobuf.lib(strtod.obj) : warning LNK4099: PDB '' was not found with 'libprotobuf.lib(strtod.obj)' or at ''; linking object as if no debug info
libprotobuf.lib(tokenizer.obj) : warning LNK4099: PDB '' was not found with 'libprotobuf.lib(tokenizer.obj)' or at ''; linking object as if no debug info
libprotobuf.lib(strutil.obj) : warning LNK4099: PDB '' was not found with 'libprotobuf.lib(strutil.obj)' or at ''; linking object as if no debug info
libprotobuf.lib(substitute.obj) : warning LNK4099: PDB '' was not found with 'libprotobuf.lib(substitute.obj)' or at ''; linking object as if no debug info
libprotobuf.lib(zero_copy_stream_impl.obj) : warning LNK4099: PDB '' was not found with 'libprotobuf.lib(zero_copy_stream_impl.obj)' or at ''; linking object as if no debug info
libprotobuf.lib(extension_set_heavy.obj) : warning LNK4099: PDB '' was not found with 'libprotobuf.lib(extension_set_heavy.obj)' or at ''; linking object as if no debug info
libprotobuf.lib(structurally_valid.obj) : warning LNK4099: PDB '' was not found with 'libprotobuf.lib(structurally_valid.obj)' or at ''; linking object as if no debug info
libprotobuf.lib(stringprintf.obj) : warning LNK4099: PDB '' was not found with 'libprotobuf.lib(stringprintf.obj)' or at ''; linking object as if no debug info
libprotobuf.lib(zero_copy_stream.obj) : warning LNK4099: PDB '' was not found with 'libprotobuf.lib(zero_copy_stream.obj)' or at ''; linking object as if no debug info
     Creating library D:\TF2--REBORN\game\mod_tf\server.lib and object D:\TF2--REBORN\game\mod_tf\server.exp
  server_win64_tf.vcxproj -> D:\TF2--REBORN\game\mod_tf\server.dll
  Publishing to ..\..\..\game\mod_tf\bin\x64
          1 file(s) copied.
  The system cannot find the file specified.
  *** ERROR! PostBuildStep FAILED for Server (TF)! EXE or DLL is probably running. ***
C:\Program Files\Microsoft Visual Studio\2022\Community\MSBuild\Microsoft\VC\v170\Microsoft.CppCommon.targets(166,5): error MSB3073: The command "if not exist "..\..\..\game\mod_tf\bin\x64" mkdir "..\..\..\game\mod_tf\bin\x64"
C:\Program Files\Microsoft Visual Studio\2022\Community\MSBuild\Microsoft\VC\v170\Microsoft.CppCommon.targets(166,5): error MSB3073: copy "D:\TF2--REBORN\game\mod_tf\server.dll" "..\..\..\game\mod_tf\bin\x64\server.dll"
C:\Program Files\Microsoft Visual Studio\2022\Community\MSBuild\Microsoft\VC\v170\Microsoft.CppCommon.targets(166,5): error MSB3073: if ERRORLEVEL 1 goto BuildEventFailed
C:\Program Files\Microsoft Visual Studio\2022\Community\MSBuild\Microsoft\VC\v170\Microsoft.CppCommon.targets(166,5): error MSB3073: if exist "D:\TF2--REBORN\game\mod_tf\server.map" copy "D:\TF2--REBORN\game\mod_tf\server.map" ..\..\..\game\mod_tf\bin\x64\server.map
C:\Program Files\Microsoft Visual Studio\2022\Community\MSBuild\Microsoft\VC\v170\Microsoft.CppCommon.targets(166,5): error MSB3073: copy "D:\TF2--REBORN\game\mod_tf\server.pdb" ..\..\..\game\mod_tf\bin\x64\server.pdb
C:\Program Files\Microsoft Visual Studio\2022\Community\MSBuild\Microsoft\VC\v170\Microsoft.CppCommon.targets(166,5): error MSB3073: if ERRORLEVEL 1 goto BuildEventFailed
C:\Program Files\Microsoft Visual Studio\2022\Community\MSBuild\Microsoft\VC\v170\Microsoft.CppCommon.targets(166,5): error MSB3073: goto BuildEventOK
C:\Program Files\Microsoft Visual Studio\2022\Community\MSBuild\Microsoft\VC\v170\Microsoft.CppCommon.targets(166,5): error MSB3073: :BuildEventFailed
C:\Program Files\Microsoft Visual Studio\2022\Community\MSBuild\Microsoft\VC\v170\Microsoft.CppCommon.targets(166,5): error MSB3073: echo *** ERROR! PostBuildStep FAILED for Server (TF)! EXE or DLL is probably running. ***
C:\Program Files\Microsoft Visual Studio\2022\Community\MSBuild\Microsoft\VC\v170\Microsoft.CppCommon.targets(166,5): error MSB3073: del /q "D:\TF2--REBORN\game\mod_tf\server.dll"
C:\Program Files\Microsoft Visual Studio\2022\Community\MSBuild\Microsoft\VC\v170\Microsoft.CppCommon.targets(166,5): error MSB3073: exit 1
C:\Program Files\Microsoft Visual Studio\2022\Community\MSBuild\Microsoft\VC\v170\Microsoft.CppCommon.targets(166,5): error MSB3073: :BuildEventOK
C:\Program Files\Microsoft Visual Studio\2022\Community\MSBuild\Microsoft\VC\v170\Microsoft.CppCommon.targets(166,5): error MSB3073: 
C:\Program Files\Microsoft Visual Studio\2022\Community\MSBuild\Microsoft\VC\v170\Microsoft.CppCommon.targets(166,5): error MSB3073: :VCEnd" exited with code 1.
