  boundbox.cpp
  brushbsp.cpp
  CollisionUtils.cpp
  csg.cpp
  cubemap.cpp
  detail.cpp
  detailObjects.cpp
  disp_common.cpp
  disp_ivp.cpp
  disp_powerinfo.cpp
  disp_vbsp.cpp
  faces.cpp
  glfile.cpp
  ivp.cpp
  leakfile.cpp
D:\TF2--REBORN\holdon\utils\vbsp\ivp.cpp(60,10): warning C4267: 'initializing': conversion from 'size_t' to 'int', possible loss of data
D:\TF2--REBORN\holdon\utils\vbsp\ivp.cpp(75,23): warning C4267: 'argument': conversion from 'size_t' to 'int', possible loss of data
D:\TF2--REBORN\holdon\utils\vbsp\ivp.cpp(97,23): warning C4267: 'argument': conversion from 'size_t' to 'int', possible loss of data
D:\TF2--REBORN\holdon\utils\vbsp\ivp.cpp(120,23): warning C4267: 'argument': conversion from 'size_t' to 'int', possible loss of data
D:\TF2--REBORN\holdon\utils\vbsp\ivp.cpp(126,27): warning C4267: 'argument': conversion from 'size_t' to 'int', possible loss of data
  loadcmdline.cpp
  lumpfiles.cpp
  manifest.cpp
  map.cpp
D:\TF2--REBORN\holdon\public\fgdlib\HelperInfo.h(83,12): warning C4267: 'initializing': conversion from 'size_t' to 'int', possible loss of data
  (compiling source file 'manifest.cpp')
  
D:\TF2--REBORN\holdon\public\fgdlib\HelperInfo.h(83,12): warning C4267: 'initializing': conversion from 'size_t' to 'int', possible loss of data
  (compiling source file 'map.cpp')
  
D:\TF2--REBORN\holdon\utils\vbsp\map.cpp(2483,32): warning C4267: '=': conversion from 'size_t' to 'int', possible loss of data
  materialpatch.cpp
  materialsub.cpp
  memoverride.cpp
  mstristrip.cpp
  nodraw.cpp
  normals.cpp
  overlay.cpp
  physdll.cpp
  portals.cpp
  prtfile.cpp
  ScratchPad3D.cpp
  scratchpad_helpers.cpp
  StaticProp.cpp
  textures.cpp
  tree.cpp
  utilmatlib.cpp
  vbsp.cpp
  worldvertextransitionfixup.cpp
D:\TF2--REBORN\holdon\utils\vbsp\vbsp.cpp(1335,73): warning C4267: 'argument': conversion from 'size_t' to 'int', possible loss of data
D:\TF2--REBORN\holdon\utils\vbsp\vbsp.cpp(1392,74): warning C4267: 'argument': conversion from 'size_t' to 'int', possible loss of data
  writebsp.cpp
  zip_utils.cpp
  bsplib.cpp
  builddisp.cpp
  ChunkFile.cpp
D:\TF2--REBORN\holdon\public\ChunkFile.cpp(957,17): warning C4267: 'initializing': conversion from 'size_t' to 'int', possible loss of data
D:\TF2--REBORN\holdon\public\ChunkFile.cpp(967,12): warning C4267: 'initializing': conversion from 'size_t' to 'int', possible loss of data
D:\TF2--REBORN\holdon\public\ChunkFile.cpp(968,16): warning C4267: 'initializing': conversion from 'size_t' to 'int', possible loss of data
  cmdlib.cpp
  filesystem_helpers.cpp
  filesystem_init.cpp
  filesystem_tools.cpp
  map_shared.cpp
  pacifier.cpp
  polylib.cpp
  scriplib.cpp
  threads.cpp
  tools_minidump.cpp
     Creating library .\Release\x64\vbsp.lib and object .\Release\x64\vbsp.exp
  vbsp_win64.vcxproj -> D:\TF2--REBORN\holdon\utils\vbsp\Release\x64\vbsp.exe
  Publishing to ..\..\..\game\bin\x64
